e:\xfcore\cximage\cximage702_full\cximage\cximagedll\debug\ximajbg.obj
e:\xfcore\cximage\cximage702_full\cximage\cximagedll\debug\ximajpg.obj
e:\xfcore\cximage\cximage702_full\cximage\cximagedll\debug\ximalpha.obj
e:\xfcore\cximage\cximage702_full\cximage\cximagedll\debug\ximalyr.obj
e:\xfcore\cximage\cximage702_full\cximage\cximagedll\debug\ximamng.obj
e:\xfcore\cximage\cximage702_full\cximage\cximagedll\debug\ximapal.obj
e:\xfcore\cximage\cximage702_full\cximage\cximagedll\debug\ximapcx.obj
e:\xfcore\cximage\cximage702_full\cximage\cximagedll\debug\ximapng.obj
e:\xfcore\cximage\cximage702_full\cximage\cximagedll\debug\ximapsd.obj
e:\xfcore\cximage\cximage702_full\cximage\cximagedll\debug\ximaraw.obj
e:\xfcore\cximage\cximage702_full\cximage\cximagedll\debug\ximasel.obj
e:\xfcore\cximage\cximage702_full\cximage\cximagedll\debug\ximaska.obj
e:\xfcore\cximage\cximage702_full\cximage\cximagedll\debug\ximatga.obj
e:\xfcore\cximage\cximage702_full\cximage\cximagedll\debug\ximath.obj
e:\xfcore\cximage\cximage702_full\cximage\cximagedll\debug\ximatif.obj
e:\xfcore\cximage\cximage702_full\cximage\cximagedll\debug\ximatran.obj
e:\xfcore\cximage\cximage702_full\cximage\cximagedll\debug\ximawbmp.obj
e:\xfcore\cximage\cximage702_full\cximage\cximagedll\debug\ximawmf.obj
e:\xfcore\cximage\cximage702_full\cximage\cximagedll\debug\ximawnd.obj
e:\xfcore\cximage\cximage702_full\cximage\cximagedll\debug\xmemfile.obj
e:\xfcore\cximage\cximage702_full\cximage\cximagedll\debug\tif_xfile.obj
e:\xfcore\cximage\cximage702_full\cximage\cximagedll\debug\ximabmp.obj
e:\xfcore\cximage\cximage702_full\cximage\cximagedll\debug\ximadsp.obj
e:\xfcore\cximage\cximage702_full\cximage\cximagedll\debug\ximaenc.obj
e:\xfcore\cximage\cximage702_full\cximage\cximagedll\debug\ximaexif.obj
e:\xfcore\cximage\cximage702_full\cximage\cximagedll\debug\ximage.obj
e:\xfcore\cximage\cximage702_full\cximage\cximagedll\debug\ximagif.obj
e:\xfcore\cximage\cximage702_full\cximage\cximagedll\debug\ximahist.obj
e:\xfcore\cximage\cximage702_full\cximage\cximagedll\debug\ximaico.obj
e:\xfcore\cximage\cximage702_full\cximage\cximagedll\debug\ximainfo.obj
e:\xfcore\cximage\cximage702_full\cximage\cximagedll\debug\ximaint.obj
e:\xfcore\cximage\cximage702_full\cximage\cximagedll\debug\ximajas.obj
e:\xfcore\cximage\cximage702_full\cximage\cximagedll\debug\vc100.pdb
e:\xfcore\cximage\cximage702_full\cximage\cximagedll\debug\cximagecrtd.lib
e:\xfcore\cximage\cximage702_full\cximage\cximagedll\debug\cximagecrtd.exp
e:\xfcore\cximage\cximage702_full\cximage\cximagedll\debug\cximaged.lib
e:\xfcore\cximage\cximage702_full\cximage\cximagedll\debug\cximaged.exp
e:\xfcore\cximage\cximage702_full\bin\cximagecrtd.ilk
e:\xfcore\cximage\cximage702_full\bin\cximagecrtd.dll
e:\xfcore\cximage\cximage702_full\cximage\cximagedll\debug\cximagecrtdll.dll.intermediate.manifest
e:\xfcore\cximage\cximage702_full\cximage\cximagedll\debug\cximagecrtd.pdb
e:\xfcore\cximage\cximage702_full\bin\cximaged.ilk
e:\xfcore\cximage\cximage702_full\bin\cximaged.dll
e:\xfcore\cximage\cximage702_full\cximage\cximagedll\debug\cximagemfcdll.dll.intermediate.manifest
e:\xfcore\cximage\cximage702_full\cximage\cximagedll\debug\cximaged.pdb
e:\xfcore\cximage\cximage702_full\cximage\cximagedll\debug\cximagecrtdll.dll.embed.manifest
e:\xfcore\cximage\cximage702_full\cximage\cximagedll\debug\cximagemfcdll.dll.embed.manifest
e:\xfcore\cximage\cximage702_full\cximage\cximagedll\debug\cximagecrtdll.res
e:\xfcore\cximage\cximage702_full\cximage\cximagedll\debug\cximagecrtdll.dll.embed.manifest.res
e:\xfcore\cximage\cximage702_full\cximage\cximagedll\debug\cximagemfcdll.res
e:\xfcore\cximage\cximage702_full\cximage\cximagedll\debug\cximagemfcdll.dll.embed.manifest.res
e:\gitcode\cximage_test\cximage702_full\cximage\cximagedll\debug\cximagecrtdll.vcxprojresolveassemblyreference.cache
e:\gitcode\cximage_test\cximage702_full\cximage\cximagedll\debug\cximagemfcdll.vcxprojresolveassemblyreference.cache
e:\gitcode\cximage_test\cximage702_full\cximage\cximagedll\debug\tif_xfile.obj
e:\gitcode\cximage_test\cximage702_full\cximage\cximagedll\debug\ximabmp.obj
e:\gitcode\cximage_test\cximage702_full\cximage\cximagedll\debug\ximadsp.obj
e:\gitcode\cximage_test\cximage702_full\cximage\cximagedll\debug\ximaenc.obj
e:\gitcode\cximage_test\cximage702_full\cximage\cximagedll\debug\ximaexif.obj
e:\gitcode\cximage_test\cximage702_full\cximage\cximagedll\debug\ximage.obj
e:\gitcode\cximage_test\cximage702_full\cximage\cximagedll\debug\ximagif.obj
e:\gitcode\cximage_test\cximage702_full\cximage\cximagedll\debug\ximahist.obj
e:\gitcode\cximage_test\cximage702_full\cximage\cximagedll\debug\ximaico.obj
e:\gitcode\cximage_test\cximage702_full\cximage\cximagedll\debug\ximainfo.obj
e:\gitcode\cximage_test\cximage702_full\cximage\cximagedll\debug\ximaint.obj
e:\gitcode\cximage_test\cximage702_full\cximage\cximagedll\debug\ximajas.obj
e:\gitcode\cximage_test\cximage702_full\cximage\cximagedll\debug\ximajbg.obj
e:\gitcode\cximage_test\cximage702_full\cximage\cximagedll\debug\ximajpg.obj
e:\gitcode\cximage_test\cximage702_full\cximage\cximagedll\debug\ximalpha.obj
e:\gitcode\cximage_test\cximage702_full\cximage\cximagedll\debug\ximalyr.obj
e:\gitcode\cximage_test\cximage702_full\cximage\cximagedll\debug\ximamng.obj
e:\gitcode\cximage_test\cximage702_full\cximage\cximagedll\debug\ximapal.obj
e:\gitcode\cximage_test\cximage702_full\cximage\cximagedll\debug\ximapcx.obj
e:\gitcode\cximage_test\cximage702_full\cximage\cximagedll\debug\ximapng.obj
e:\gitcode\cximage_test\cximage702_full\cximage\cximagedll\debug\ximapsd.obj
e:\gitcode\cximage_test\cximage702_full\cximage\cximagedll\debug\ximaraw.obj
e:\gitcode\cximage_test\cximage702_full\cximage\cximagedll\debug\ximasel.obj
e:\gitcode\cximage_test\cximage702_full\cximage\cximagedll\debug\ximaska.obj
e:\gitcode\cximage_test\cximage702_full\cximage\cximagedll\debug\ximatga.obj
e:\gitcode\cximage_test\cximage702_full\cximage\cximagedll\debug\ximath.obj
e:\gitcode\cximage_test\cximage702_full\cximage\cximagedll\debug\ximatif.obj
e:\gitcode\cximage_test\cximage702_full\cximage\cximagedll\debug\ximatran.obj
e:\gitcode\cximage_test\cximage702_full\cximage\cximagedll\debug\ximawbmp.obj
e:\gitcode\cximage_test\cximage702_full\cximage\cximagedll\debug\ximawmf.obj
e:\gitcode\cximage_test\cximage702_full\cximage\cximagedll\debug\ximawnd.obj
e:\gitcode\cximage_test\cximage702_full\cximage\cximagedll\debug\xmemfile.obj
e:\gitcode\cximage_test\cximage702_full\cximage\cximagedll\debug\cl.command.1.tlog
e:\gitcode\cximage_test\cximage702_full\cximage\cximagedll\debug\cl.read.1.tlog
e:\gitcode\cximage_test\cximage702_full\cximage\cximagedll\debug\cl.write.1.tlog
e:\gitcode\cximage_test\cximage702_full\cximage\cximagedll\debug\cximagecrtdll.write.1.tlog
e:\gitcode\cximage_test\cximage702_full\cximage\cximagedll\debug\cximagemfcdll.write.1.tlog
e:\gitcode\cximage_test\cximage702_full\cximage\cximagedll\debug\link-cvtres.read.1.tlog
e:\gitcode\cximage_test\cximage702_full\cximage\cximagedll\debug\link-cvtres.write.1.tlog
e:\gitcode\cximage_test\cximage702_full\cximage\cximagedll\debug\link.10684-cvtres.read.1.tlog
e:\gitcode\cximage_test\cximage702_full\cximage\cximagedll\debug\link.10684-cvtres.write.1.tlog
e:\gitcode\cximage_test\cximage702_full\cximage\cximagedll\debug\link.10684.read.1.tlog
e:\gitcode\cximage_test\cximage702_full\cximage\cximagedll\debug\link.10684.write.1.tlog
e:\gitcode\cximage_test\cximage702_full\cximage\cximagedll\debug\link.command.1.tlog
e:\gitcode\cximage_test\cximage702_full\cximage\cximagedll\debug\link.read.1.tlog
e:\gitcode\cximage_test\cximage702_full\cximage\cximagedll\debug\link.write.1.tlog
e:\gitcode\cximage_test\cximage702_full\cximage\cximagedll\debug\mt.command.1.tlog
e:\gitcode\cximage_test\cximage702_full\cximage\cximagedll\debug\mt.read.1.tlog
e:\gitcode\cximage_test\cximage702_full\cximage\cximagedll\debug\mt.write.1.tlog
e:\gitcode\cximage_test\cximage702_full\cximage\cximagedll\debug\rc.command.1.tlog
e:\gitcode\cximage_test\cximage702_full\cximage\cximagedll\debug\rc.read.1.tlog
e:\gitcode\cximage_test\cximage702_full\cximage\cximagedll\debug\rc.write.1.tlog
e:\gitcode\cximage_test\cximage702_full\cximage\cximagedll\debug\cximagecrtdll.dll.embed.manifest
e:\gitcode\cximage_test\cximage702_full\cximage\cximagedll\debug\cximagecrtdll.dll.intermediate.manifest
e:\gitcode\cximage_test\cximage702_full\cximage\cximagedll\debug\cximagemfcdll.dll.embed.manifest
e:\gitcode\cximage_test\cximage702_full\cximage\cximagedll\debug\cximagemfcdll.dll.intermediate.manifest
e:\gitcode\cximage_test\cximage702_full\cximage\cximagedll\debug\cximagecrtdll.dll.embed.manifest.res
e:\gitcode\cximage_test\cximage702_full\cximage\cximagedll\debug\cximagecrtdll.res
e:\gitcode\cximage_test\cximage702_full\cximage\cximagedll\debug\cximagemfcdll.dll.embed.manifest.res
e:\gitcode\cximage_test\cximage702_full\cximage\cximagedll\debug\cximagemfcdll.res
e:\gitcode\cximage_test\cximage702_full\cximage\cximagedll\debug\cximagecrtd.exp
e:\gitcode\cximage_test\cximage702_full\cximage\cximagedll\debug\cximaged.exp
e:\gitcode\cximage_test\cximage702_full\cximage\cximagedll\debug\vc100.idb
e:\gitcode\cximage_test\cximage702_full\cximage\cximagedll\debug\cximagecrtd.pdb
e:\gitcode\cximage_test\cximage702_full\cximage\cximagedll\debug\cximaged.pdb
e:\gitcode\cximage_test\cximage702_full\cximage\cximagedll\debug\vc100.pdb
e:\gitcode\cximage_test\cximage702_full\cximage\cximagedll\debug\cximagecrtdll_manifest.rc
e:\gitcode\cximage_test\cximage702_full\cximage\cximagedll\debug\cximagemfcdll_manifest.rc
e:\gitcode\cximage_test\cximage702_full\cximage\cximagedll\.\debug\cximagecrtdll.dll.intermediate.manifest
